<?xml version="1.0" encoding="UTF-8"?>
<!-- Generated by org.testng.reporters.JUnitXMLReporter -->
<testsuite ignored="0" hostname="HYDHTC125451LT" failures="1" tests="3" name="Test" time="134.685" errors="0" timestamp="2025-07-04T17:04:58 IST">
  <testcase classname="io.cucumber.testng.AbstractTestNGCucumberTests" name="runScenario" time="38.098">
    <skipped/>
  </testcase> <!-- runScenario -->
  <testcase classname="io.cucumber.testng.AbstractTestNGCucumberTests" name="runScenario" time="49.213">
    <skipped/>
  </testcase> <!-- runScenario -->
  <testcase classname="io.cucumber.testng.AbstractTestNGCucumberTests" name="runScenario" time="46.356">
    <failure type="java.lang.AssertionError" message="expected [gmail] but found [Gmail]">
      <![CDATA[java.lang.AssertionError: expected [gmail] but found [Gmail]
at CucucmberTestProject.CucumberTestNG.steps.StepDefinitions.verify_the_title(StepDefinitions.java:31)
at âœ½.verify the title "gmail"(file:///Users/surendra.k/Documents/workspace/CucumberTestNG/src/test/resources/features/google.feature:8)
... Removed 6 stack frames]]>
    </failure>
  </testcase> <!-- runScenario -->
</testsuite> <!-- Test -->
