<?xml version="1.0" encoding="UTF-8"?>
<testng-results ignored="0" total="6" passed="5" failed="1" skipped="0">
  <reporter-output>
  </reporter-output>
  <suite started-at="2024-12-04T14:27:31 IST" name="Suite" finished-at="2024-12-04T14:29:49 IST" duration-ms="138342">
    <groups>
      <group name="Purchase">
        <method signature="StandAloneWebUsingFramework.startApplication(java.util.HashMap)[pri:0, instance:DemoSeleniumFramework.PracticeProject.tests.StandAloneWebUsingFramework@19e4fcac]" name="startApplication" class="DemoSeleniumFramework.PracticeProject.tests.StandAloneWebUsingFramework"/>
      </group> <!-- Purchase -->
      <group name="error">
        <method signature="ErrorValidation.loginPageValidation()[pri:0, instance:DemoSeleniumFramework.PracticeProject.tests.ErrorValidation@61a88b8c]" name="loginPageValidation" class="DemoSeleniumFramework.PracticeProject.tests.ErrorValidation"/>
        <method signature="ErrorValidation.productCatlogValidation()[pri:0, instance:DemoSeleniumFramework.PracticeProject.tests.ErrorValidation@61a88b8c]" name="productCatlogValidation" class="DemoSeleniumFramework.PracticeProject.tests.ErrorValidation"/>
      </group> <!-- error -->
    </groups>
    <test started-at="2024-12-04T14:27:31 IST" name="Error Validation Test" finished-at="2024-12-04T14:28:31 IST" duration-ms="60568">
      <class name="DemoSeleniumFramework.PracticeProject.tests.ErrorValidation">
        <test-method is-config="true" signature="launchApplication()[pri:0, instance:DemoSeleniumFramework.PracticeProject.tests.ErrorValidation@61a88b8c]" started-at="2024-12-04T14:27:31 IST" name="launchApplication" finished-at="2024-12-04T14:27:49 IST" duration-ms="18060" status="PASS">
          <reporter-output>
          </reporter-output>
        </test-method> <!-- launchApplication -->
        <test-method signature="loginPageValidation()[pri:0, instance:DemoSeleniumFramework.PracticeProject.tests.ErrorValidation@61a88b8c]" started-at="2024-12-04T14:27:49 IST" name="loginPageValidation" finished-at="2024-12-04T14:27:53 IST" duration-ms="3633" status="FAIL">
          <exception class="java.lang.AssertionError">
            <message>
              <![CDATA[expected [Incorrect email or password.] but found [Incorrect email or Password.]]]>
            </message>
            <full-stacktrace>
              <![CDATA[java.lang.AssertionError: expected [Incorrect email or password.] but found [Incorrect email or Password.]
at org.testng.Assert.fail(Assert.java:111)
at org.testng.Assert.failNotEquals(Assert.java:1578)
at org.testng.Assert.assertEqualsImpl(Assert.java:150)
at org.testng.Assert.assertEquals(Assert.java:132)
at org.testng.Assert.assertEquals(Assert.java:656)
at org.testng.Assert.assertEquals(Assert.java:666)
at DemoSeleniumFramework.PracticeProject.tests.ErrorValidation.loginPageValidation(ErrorValidation.java:21)
at java.base/jdk.internal.reflect.NativeMethodAccessorImpl.invoke0(Native Method)
at java.base/jdk.internal.reflect.NativeMethodAccessorImpl.invoke(NativeMethodAccessorImpl.java:77)
at java.base/jdk.internal.reflect.DelegatingMethodAccessorImpl.invoke(DelegatingMethodAccessorImpl.java:43)
at java.base/java.lang.reflect.Method.invoke(Method.java:568)
at org.testng.internal.invokers.MethodInvocationHelper.invokeMethod(MethodInvocationHelper.java:141)
at org.testng.internal.invokers.TestInvoker.invokeMethod(TestInvoker.java:686)
at org.testng.internal.invokers.TestInvoker.invokeTestMethod(TestInvoker.java:230)
at org.testng.internal.invokers.MethodRunner.runInSequence(MethodRunner.java:63)
at org.testng.internal.invokers.TestInvoker$MethodInvocationAgent.invoke(TestInvoker.java:992)
at org.testng.internal.invokers.TestInvoker.invokeTestMethods(TestInvoker.java:203)
at org.testng.internal.invokers.TestMethodWorker.invokeTestMethods(TestMethodWorker.java:154)
at org.testng.internal.invokers.TestMethodWorker.run(TestMethodWorker.java:134)
at java.base/java.util.ArrayList.forEach(ArrayList.java:1511)
at org.testng.TestRunner.privateRun(TestRunner.java:739)
at org.testng.TestRunner.run(TestRunner.java:614)
at org.testng.SuiteRunner.runTest(SuiteRunner.java:421)
at org.testng.SuiteRunner$SuiteWorker.run(SuiteRunner.java:463)
at org.testng.internal.thread.ThreadUtil.lambda$execute$0(ThreadUtil.java:64)
at java.base/java.util.concurrent.FutureTask.run(FutureTask.java:264)
at java.base/java.util.concurrent.ThreadPoolExecutor.runWorker(ThreadPoolExecutor.java:1136)
at java.base/java.util.concurrent.ThreadPoolExecutor$Worker.run(ThreadPoolExecutor.java:635)
at java.base/java.lang.Thread.run(Thread.java:833)
]]>
            </full-stacktrace>
          </exception> <!-- java.lang.AssertionError -->
          <reporter-output>
          </reporter-output>
        </test-method> <!-- loginPageValidation -->
        <test-method is-config="true" signature="closeBrowser()[pri:0, instance:DemoSeleniumFramework.PracticeProject.tests.ErrorValidation@61a88b8c]" started-at="2024-12-04T14:27:53 IST" name="closeBrowser" finished-at="2024-12-04T14:27:53 IST" duration-ms="163" status="PASS">
          <reporter-output>
          </reporter-output>
        </test-method> <!-- closeBrowser -->
        <test-method is-config="true" signature="launchApplication()[pri:0, instance:DemoSeleniumFramework.PracticeProject.tests.ErrorValidation@61a88b8c]" started-at="2024-12-04T14:27:53 IST" name="launchApplication" finished-at="2024-12-04T14:28:08 IST" duration-ms="14409" status="PASS">
          <reporter-output>
          </reporter-output>
        </test-method> <!-- launchApplication -->
        <test-method signature="productCatlogValidation()[pri:0, instance:DemoSeleniumFramework.PracticeProject.tests.ErrorValidation@61a88b8c]" started-at="2024-12-04T14:28:08 IST" name="productCatlogValidation" finished-at="2024-12-04T14:28:31 IST" duration-ms="23401" status="PASS">
          <reporter-output>
          </reporter-output>
        </test-method> <!-- productCatlogValidation -->
        <test-method is-config="true" signature="closeBrowser()[pri:0, instance:DemoSeleniumFramework.PracticeProject.tests.ErrorValidation@61a88b8c]" started-at="2024-12-04T14:28:31 IST" name="closeBrowser" finished-at="2024-12-04T14:28:31 IST" duration-ms="153" status="PASS">
          <reporter-output>
          </reporter-output>
        </test-method> <!-- closeBrowser -->
      </class> <!-- DemoSeleniumFramework.PracticeProject.tests.ErrorValidation -->
    </test> <!-- Error Validation Test -->
    <test started-at="2024-12-04T14:27:31 IST" name="Submit Order Test" finished-at="2024-12-04T14:29:49 IST" duration-ms="138342">
      <class name="DemoSeleniumFramework.PracticeProject.tests.StandAloneWebUsingFramework">
        <test-method is-config="true" signature="launchApplication()[pri:0, instance:DemoSeleniumFramework.PracticeProject.tests.StandAloneWebUsingFramework@19e4fcac]" started-at="2024-12-04T14:27:31 IST" name="launchApplication" finished-at="2024-12-04T14:27:49 IST" duration-ms="17803" status="PASS">
          <reporter-output>
          </reporter-output>
        </test-method> <!-- launchApplication -->
        <test-method signature="startApplication(java.util.HashMap)[pri:0, instance:DemoSeleniumFramework.PracticeProject.tests.StandAloneWebUsingFramework@19e4fcac]" started-at="2024-12-04T14:27:49 IST" name="startApplication" data-provider="getData" finished-at="2024-12-04T14:28:20 IST" duration-ms="30927" status="PASS">
          <params>
            <param index="0">
              <value>
                <![CDATA[{password=Kumar@123, product=IPHONE 13 PRO, email=kumar@don.com}]]>
              </value>
            </param>
          </params>
          <reporter-output>
          </reporter-output>
        </test-method> <!-- startApplication -->
        <test-method is-config="true" signature="closeBrowser()[pri:0, instance:DemoSeleniumFramework.PracticeProject.tests.StandAloneWebUsingFramework@19e4fcac]" started-at="2024-12-04T14:28:20 IST" name="closeBrowser" finished-at="2024-12-04T14:28:20 IST" duration-ms="118" status="PASS">
          <reporter-output>
          </reporter-output>
        </test-method> <!-- closeBrowser -->
        <test-method is-config="true" signature="launchApplication()[pri:0, instance:DemoSeleniumFramework.PracticeProject.tests.StandAloneWebUsingFramework@19e4fcac]" started-at="2024-12-04T14:28:20 IST" name="launchApplication" finished-at="2024-12-04T14:28:34 IST" duration-ms="14386" status="PASS">
          <reporter-output>
          </reporter-output>
        </test-method> <!-- launchApplication -->
        <test-method signature="startApplication(java.util.HashMap)[pri:0, instance:DemoSeleniumFramework.PracticeProject.tests.StandAloneWebUsingFramework@19e4fcac]" started-at="2024-12-04T14:28:34 IST" name="startApplication" data-provider="getData" finished-at="2024-12-04T14:29:02 IST" duration-ms="27663" status="PASS">
          <params>
            <param index="0">
              <value>
                <![CDATA[{password=King@123, product=ADIDAS ORIGINAL, email=kumar@king.com}]]>
              </value>
            </param>
          </params>
          <reporter-output>
          </reporter-output>
        </test-method> <!-- startApplication -->
        <test-method is-config="true" signature="closeBrowser()[pri:0, instance:DemoSeleniumFramework.PracticeProject.tests.StandAloneWebUsingFramework@19e4fcac]" started-at="2024-12-04T14:29:02 IST" name="closeBrowser" finished-at="2024-12-04T14:29:02 IST" duration-ms="142" status="PASS">
          <reporter-output>
          </reporter-output>
        </test-method> <!-- closeBrowser -->
        <test-method is-config="true" signature="launchApplication()[pri:0, instance:DemoSeleniumFramework.PracticeProject.tests.StandAloneWebUsingFramework@19e4fcac]" started-at="2024-12-04T14:29:02 IST" name="launchApplication" finished-at="2024-12-04T14:29:18 IST" duration-ms="15580" status="PASS">
          <reporter-output>
          </reporter-output>
        </test-method> <!-- launchApplication -->
        <test-method signature="checkOrderPage(java.util.HashMap)[pri:0, instance:DemoSeleniumFramework.PracticeProject.tests.StandAloneWebUsingFramework@19e4fcac]" started-at="2024-12-04T14:29:18 IST" name="checkOrderPage" data-provider="getData" finished-at="2024-12-04T14:29:28 IST" depends-on-methods="DemoSeleniumFramework.PracticeProject.tests.StandAloneWebUsingFramework.startApplication" duration-ms="9780" status="PASS">
          <params>
            <param index="0">
              <value>
                <![CDATA[{password=Kumar@123, product=IPHONE 13 PRO, email=kumar@don.com}]]>
              </value>
            </param>
          </params>
          <reporter-output>
          </reporter-output>
        </test-method> <!-- checkOrderPage -->
        <test-method is-config="true" signature="closeBrowser()[pri:0, instance:DemoSeleniumFramework.PracticeProject.tests.StandAloneWebUsingFramework@19e4fcac]" started-at="2024-12-04T14:29:28 IST" name="closeBrowser" finished-at="2024-12-04T14:29:28 IST" duration-ms="135" status="PASS">
          <reporter-output>
          </reporter-output>
        </test-method> <!-- closeBrowser -->
        <test-method is-config="true" signature="launchApplication()[pri:0, instance:DemoSeleniumFramework.PracticeProject.tests.StandAloneWebUsingFramework@19e4fcac]" started-at="2024-12-04T14:29:28 IST" name="launchApplication" finished-at="2024-12-04T14:29:41 IST" duration-ms="13444" status="PASS">
          <reporter-output>
          </reporter-output>
        </test-method> <!-- launchApplication -->
        <test-method signature="checkOrderPage(java.util.HashMap)[pri:0, instance:DemoSeleniumFramework.PracticeProject.tests.StandAloneWebUsingFramework@19e4fcac]" started-at="2024-12-04T14:29:41 IST" name="checkOrderPage" data-provider="getData" finished-at="2024-12-04T14:29:49 IST" depends-on-methods="DemoSeleniumFramework.PracticeProject.tests.StandAloneWebUsingFramework.startApplication" duration-ms="7840" status="PASS">
          <params>
            <param index="0">
              <value>
                <![CDATA[{password=King@123, product=ADIDAS ORIGINAL, email=kumar@king.com}]]>
              </value>
            </param>
          </params>
          <reporter-output>
          </reporter-output>
        </test-method> <!-- checkOrderPage -->
        <test-method is-config="true" signature="closeBrowser()[pri:0, instance:DemoSeleniumFramework.PracticeProject.tests.StandAloneWebUsingFramework@19e4fcac]" started-at="2024-12-04T14:29:49 IST" name="closeBrowser" finished-at="2024-12-04T14:29:49 IST" duration-ms="130" status="PASS">
          <reporter-output>
          </reporter-output>
        </test-method> <!-- closeBrowser -->
      </class> <!-- DemoSeleniumFramework.PracticeProject.tests.StandAloneWebUsingFramework -->
    </test> <!-- Submit Order Test -->
  </suite> <!-- Suite -->
</testng-results>
