<?xml version="1.0" encoding="UTF-8"?>
<!-- Generated by org.testng.reporters.JUnitXMLReporter -->
<testsuite ignored="0" hostname="HYDHTC125451LT" failures="1" tests="4" name="Surefire test" time="95.716" errors="0" timestamp="2024-12-18T14:18:32 IST">
  <testcase classname="io.cucumber.testng.AbstractTestNGCucumberTests" name="runScenario" time="24.41"/>
  <testcase classname="SeleniumJavaFramework.tests.ErrorHandilingTests" name="loginPageValidation" time="3.268">
    <skipped/>
  </testcase> <!-- loginPageValidation -->
  <testcase classname="SeleniumJavaFramework.tests.ErrorHandilingTests" name="loginPageValidation" time="3.638">
    <failure type="java.lang.AssertionError" message="expected [Incorrect email or password.] but found [Incorrect email or Password.]">
      <![CDATA[java.lang.AssertionError: expected [Incorrect email or password.] but found [Incorrect email or Password.]
at SeleniumJavaFramework.tests.ErrorHandilingTests.loginPageValidation(ErrorHandilingTests.java:25)
at java.base/java.util.ArrayList.forEach(ArrayList.java:1511)
... Removed 38 stack frames]]>
    </failure>
  </testcase> <!-- loginPageValidation -->
  <testcase classname="SeleniumJavaFramework.tests.ErrorHandilingTests" name="productCatalogValidation" time="18.56"/>
</testsuite> <!-- Surefire test -->
