<?xml version="1.0" encoding="UTF-8"?>
<!-- Generated by org.testng.reporters.JUnitXMLReporter -->
<testsuite ignored="0" hostname="HYDHTC125451LT" failures="1" tests="2" name="Error Validation Test" time="60.568" errors="0" timestamp="2024-12-04T14:28:32 IST">
  <testcase classname="DemoSeleniumFramework.PracticeProject.tests.ErrorValidation" name="loginPageValidation" time="3.633">
    <failure type="java.lang.AssertionError" message="expected [Incorrect email or password.] but found [Incorrect email or Password.]">
      <![CDATA[java.lang.AssertionError: expected [Incorrect email or password.] but found [Incorrect email or Password.]
at DemoSeleniumFramework.PracticeProject.tests.ErrorValidation.loginPageValidation(ErrorValidation.java:21)
at java.base/java.util.ArrayList.forEach(ArrayList.java:1511)
at java.base/java.util.concurrent.FutureTask.run(FutureTask.java:264)
at java.base/java.util.concurrent.ThreadPoolExecutor.runWorker(ThreadPoolExecutor.java:1136)
at java.base/java.util.concurrent.ThreadPoolExecutor$Worker.run(ThreadPoolExecutor.java:635)
at java.base/java.lang.Thread.run(Thread.java:833)
... Removed 23 stack frames]]>
    </failure>
  </testcase> <!-- loginPageValidation -->
  <testcase classname="DemoSeleniumFramework.PracticeProject.tests.ErrorValidation" name="productCatlogValidation" time="23.401"/>
</testsuite> <!-- Error Validation Test -->
