<?xml version="1.0" encoding="UTF-8"?>
<!-- Generated by org.testng.reporters.JUnitXMLReporter -->
<testsuite ignored="1" hostname="HYDHTC125451LT" failures="1" tests="2" name="Test" time="53.688" errors="0" timestamp="2024-12-03T17:32:33 IST">
  <testcase classname="DemoSeleniumFramework.PracticeProject.tests.StandAloneWebUsingFramework" name="startApplication" time="29.887"/>
  <testcase classname="DemoSeleniumFramework.PracticeProject.tests.StandAloneWebUsingFramework" name="startApplication" time="0.056">
    <failure type="java.lang.IllegalArgumentException" message="Keys to send should be a not null CharSequence">
      <![CDATA[java.lang.IllegalArgumentException: Keys to send should be a not null CharSequence
at org.openqa.selenium.remote.RemoteWebElement.sendKeys(RemoteWebElement.java:96)
at org.openqa.selenium.support.pagefactory.internal.LocatingElementHandler.invoke(LocatingElementHandler.java:51)
at jdk.proxy2/jdk.proxy2.$Proxy15.sendKeys(Unknown Source)
at DemoSeleniumFramework.PracticeProject.pageObjects.LandingPage.submitForm(LandingPage.java:39)
at DemoSeleniumFramework.PracticeProject.tests.StandAloneWebUsingFramework.startApplication(StandAloneWebUsingFramework.java:27)
at java.base/java.util.ArrayList.forEach(ArrayList.java:1511)
... Removed 31 stack frames]]>
    </failure>
  </testcase> <!-- startApplication -->
  <testcase classname="DemoSeleniumFramework.PracticeProject.tests.StandAloneWebUsingFramework" name="checkOrderPage" time="0.0">
    <ignored/>
  </testcase> <!-- checkOrderPage -->
</testsuite> <!-- Test -->
