<?xml version="1.0" encoding="UTF-8"?>
<!-- Generated by org.testng.reporters.JUnitXMLReporter -->
<testsuite ignored="2" hostname="HYDHTC125451LT" failures="1" tests="1" name="Home loan" time="0.128" errors="0" timestamp="2024-11-13T14:17:22 IST">
  <testcase classname="TestCases.HomeLoan" name="webLoginHome" time="0.0">
    <failure type="org.testng.TestNGException" message="
Parameter &amp;apos;URL&amp;apos; is required by @Test on method webLoginHome but has not been marked @Optional or defined
in /Users/surendra.k/Documents/workspace/TestNG_Topic/testng.xml">
      <![CDATA[org.testng.TestNGException: 
Parameter 'URL' is required by @Test on method webLoginHome but has not been marked @Optional or defined
in /Users/surendra.k/Documents/workspace/TestNG_Topic/testng.xml
at java.base/java.util.ArrayList.forEach(ArrayList.java:1511)
at java.base/java.util.concurrent.FutureTask.run(FutureTask.java:264)
at java.base/java.util.concurrent.ThreadPoolExecutor.runWorker(ThreadPoolExecutor.java:1136)
at java.base/java.util.concurrent.ThreadPoolExecutor$Worker.run(ThreadPoolExecutor.java:635)
at java.base/java.lang.Thread.run(Thread.java:833)
... Removed 16 stack frames]]>
    </failure>
  </testcase> <!-- webLoginHome -->
  <testcase classname="TestCases.HomeLoan" name="MobileLoginHome" time="0.0">
    <ignored/>
  </testcase> <!-- MobileLoginHome -->
  <testcase classname="TestCases.HomeLoan" name="APILoginHome" time="0.0">
    <ignored/>
  </testcase> <!-- APILoginHome -->
</testsuite> <!-- Home loan -->
