<?xml version="1.0" encoding="UTF-8"?>
<!-- Generated by org.testng.reporters.JUnitReportReporter -->
<testsuite hostname="HYDHTC125451LT" failures="1" tests="1" name="CucumberE2EProject.CucumberProject.runner.TestRunner" time="24.520" errors="0" timestamp="2025-02-28T09:11:36 IST" skipped="0">
  <testcase classname="CucumberE2EProject.CucumberProject.runner.TestRunner" name="runScenario" time="24.520">
    <failure message="expected [Last Name must be between 1 and 32 characters!] but found [Last Name must be between 1 and 32 character]" type="java.lang.AssertionError">
      <![CDATA[java.lang.AssertionError: expected [Last Name must be between 1 and 32 characters!] but found [Last Name must be between 1 and 32 character]
at org.testng.Assert.fail(Assert.java:111)
at org.testng.Assert.failNotEquals(Assert.java:1578)
at org.testng.Assert.assertEqualsImpl(Assert.java:150)
at org.testng.Assert.assertEquals(Assert.java:132)
at org.testng.Assert.assertEquals(Assert.java:656)
at org.testng.Assert.assertEquals(Assert.java:666)
at CucumberE2EProject.CucumberProject.stepImpl.Register.user_need_to_get_respective_warning_message_for_every_field(Register.java:111)
at âœ½.user need to get respective warning messages for every field(file:///Users/surendra.k/Documents/workspace/CucumberProject/src/test/resources/features/Register.feature:49)
]]>
    </failure>
  </testcase> <!-- runScenario -->
</testsuite> <!-- CucumberE2EProject.CucumberProject.runner.TestRunner -->
