<?xml version="1.0" encoding="UTF-8"?>
<!-- Generated by org.testng.reporters.JUnitXMLReporter -->
<testsuite ignored="1" hostname="HYDHTC125451LT" failures="1" tests="2" name="Error Validation Test" time="54.51" errors="0" timestamp="2024-12-10T20:31:02 IST">
  <testcase classname="SeleniumJavaFramework.tests.ErrorHandilingTests" name="loginPageValidation" time="3.511">
    <skipped/>
  </testcase> <!-- loginPageValidation -->
  <testcase classname="SeleniumJavaFramework.tests.ErrorHandilingTests" name="loginPageValidation" time="3.124">
    <failure type="java.lang.AssertionError" message="expected [Incorrect email or password.] but found [Incorrect email or Password.]">
      <![CDATA[java.lang.AssertionError: expected [Incorrect email or password.] but found [Incorrect email or Password.]
at SeleniumJavaFramework.tests.ErrorHandilingTests.loginPageValidation(ErrorHandilingTests.java:25)
at java.base/java.util.ArrayList.forEach(ArrayList.java:1511)
at java.base/java.util.concurrent.FutureTask.run(FutureTask.java:264)
at java.base/java.util.concurrent.ThreadPoolExecutor.runWorker(ThreadPoolExecutor.java:1136)
at java.base/java.util.concurrent.ThreadPoolExecutor$Worker.run(ThreadPoolExecutor.java:635)
at java.base/java.lang.Thread.run(Thread.java:833)
... Removed 23 stack frames]]>
    </failure>
  </testcase> <!-- loginPageValidation -->
  <testcase classname="SeleniumJavaFramework.tests.ErrorHandilingTests" name="productCatalogValidation" time="0.0">
    <ignored/>
  </testcase> <!-- productCatalogValidation -->
</testsuite> <!-- Error Validation Test -->
