<?xml version="1.0" encoding="UTF-8"?>
<testng-results retried="2" ignored="2" total="5" passed="0" failed="1" skipped="0">
  <reporter-output>
  </reporter-output>
  <suite started-at="2025-07-04T17:02:43 IST" name="Suite" finished-at="2025-07-04T17:04:58 IST" duration-ms="134685">
    <groups>
      <group name="cucumber">
        <method signature="AbstractTestNGCucumberTests.runScenario(io.cucumber.testng.PickleWrapper,io.cucumber.testng.FeatureWrapper)[pri:0, instance:CucucmberTestProject.CucumberTestNG.runner.CucumberRunner@70ed52de]" name="runScenario" class="io.cucumber.testng.AbstractTestNGCucumberTests"/>
      </group> <!-- cucumber -->
    </groups>
    <test started-at="2025-07-04T17:02:43 IST" name="Test" finished-at="2025-07-04T17:04:58 IST" duration-ms="134685">
      <class name="CucucmberTestProject.CucumberTestNG.runner.CucumberRunner">
        <test-method is-config="true" signature="setUpClass(org.testng.ITestContext)[pri:0, instance:CucucmberTestProject.CucumberTestNG.runner.CucumberRunner@70ed52de]" started-at="2025-07-04T17:02:43 IST" name="setUpClass" finished-at="2025-07-04T17:02:44 IST" duration-ms="806" status="PASS">
          <params>
            <param index="0">
              <value>
                <![CDATA[org.testng.TestRunner@7d2a6eac]]>
              </value>
            </param>
          </params>
          <reporter-output>
          </reporter-output>
        </test-method> <!-- setUpClass -->
        <test-method retried="true" signature="runScenario(io.cucumber.testng.PickleWrapper,io.cucumber.testng.FeatureWrapper)[pri:0, instance:CucucmberTestProject.CucumberTestNG.runner.CucumberRunner@70ed52de]" started-at="2025-07-04T17:02:44 IST" name="runScenario" description="Runs Cucumber Scenarios" data-provider="scenarios" finished-at="2025-07-04T17:03:22 IST" duration-ms="38098" status="SKIP">
          <params>
            <param index="0">
              <value>
                <![CDATA["Get the title of the page gmail"]]>
              </value>
            </param>
            <param index="1">
              <value>
                <![CDATA["Open the website in google browser"]]>
              </value>
            </param>
          </params>
          <exception class="java.lang.AssertionError">
            <message>
              <![CDATA[expected [gmail] but found [Gmail]]]>
            </message>
            <full-stacktrace>
              <![CDATA[java.lang.AssertionError: expected [gmail] but found [Gmail]
at org.testng.Assert.fail(Assert.java:111)
at org.testng.Assert.failNotEquals(Assert.java:1578)
at org.testng.Assert.assertEqualsImpl(Assert.java:150)
at org.testng.Assert.assertEquals(Assert.java:132)
at org.testng.Assert.assertEquals(Assert.java:656)
at org.testng.Assert.assertEquals(Assert.java:666)
at CucucmberTestProject.CucumberTestNG.steps.StepDefinitions.verify_the_title(StepDefinitions.java:31)
at ✽.verify the title "gmail"(file:///Users/surendra.k/Documents/workspace/CucumberTestNG/src/test/resources/features/google.feature:8)
]]>
            </full-stacktrace>
          </exception> <!-- java.lang.AssertionError -->
          <reporter-output>
          </reporter-output>
        </test-method> <!-- runScenario -->
        <test-method retried="true" signature="runScenario(io.cucumber.testng.PickleWrapper,io.cucumber.testng.FeatureWrapper)[pri:0, instance:CucucmberTestProject.CucumberTestNG.runner.CucumberRunner@70ed52de]" started-at="2025-07-04T17:03:22 IST" name="runScenario" description="Runs Cucumber Scenarios" data-provider="scenarios" finished-at="2025-07-04T17:04:11 IST" duration-ms="49213" status="SKIP">
          <params>
            <param index="0">
              <value>
                <![CDATA["Get the title of the page gmail"]]>
              </value>
            </param>
            <param index="1">
              <value>
                <![CDATA["Open the website in google browser"]]>
              </value>
            </param>
          </params>
          <exception class="java.lang.AssertionError">
            <message>
              <![CDATA[expected [gmail] but found [Gmail]]]>
            </message>
            <full-stacktrace>
              <![CDATA[java.lang.AssertionError: expected [gmail] but found [Gmail]
at org.testng.Assert.fail(Assert.java:111)
at org.testng.Assert.failNotEquals(Assert.java:1578)
at org.testng.Assert.assertEqualsImpl(Assert.java:150)
at org.testng.Assert.assertEquals(Assert.java:132)
at org.testng.Assert.assertEquals(Assert.java:656)
at org.testng.Assert.assertEquals(Assert.java:666)
at CucucmberTestProject.CucumberTestNG.steps.StepDefinitions.verify_the_title(StepDefinitions.java:31)
at ✽.verify the title "gmail"(file:///Users/surendra.k/Documents/workspace/CucumberTestNG/src/test/resources/features/google.feature:8)
]]>
            </full-stacktrace>
          </exception> <!-- java.lang.AssertionError -->
          <reporter-output>
          </reporter-output>
        </test-method> <!-- runScenario -->
        <test-method signature="runScenario(io.cucumber.testng.PickleWrapper,io.cucumber.testng.FeatureWrapper)[pri:0, instance:CucucmberTestProject.CucumberTestNG.runner.CucumberRunner@70ed52de]" started-at="2025-07-04T17:04:11 IST" name="runScenario" description="Runs Cucumber Scenarios" data-provider="scenarios" finished-at="2025-07-04T17:04:58 IST" duration-ms="46356" status="FAIL">
          <params>
            <param index="0">
              <value>
                <![CDATA["Get the title of the page gmail"]]>
              </value>
            </param>
            <param index="1">
              <value>
                <![CDATA["Open the website in google browser"]]>
              </value>
            </param>
          </params>
          <exception class="java.lang.AssertionError">
            <message>
              <![CDATA[expected [gmail] but found [Gmail]]]>
            </message>
            <full-stacktrace>
              <![CDATA[java.lang.AssertionError: expected [gmail] but found [Gmail]
at org.testng.Assert.fail(Assert.java:111)
at org.testng.Assert.failNotEquals(Assert.java:1578)
at org.testng.Assert.assertEqualsImpl(Assert.java:150)
at org.testng.Assert.assertEquals(Assert.java:132)
at org.testng.Assert.assertEquals(Assert.java:656)
at org.testng.Assert.assertEquals(Assert.java:666)
at CucucmberTestProject.CucumberTestNG.steps.StepDefinitions.verify_the_title(StepDefinitions.java:31)
at ✽.verify the title "gmail"(file:///Users/surendra.k/Documents/workspace/CucumberTestNG/src/test/resources/features/google.feature:8)
]]>
            </full-stacktrace>
          </exception> <!-- java.lang.AssertionError -->
          <reporter-output>
          </reporter-output>
        </test-method> <!-- runScenario -->
        <test-method is-config="true" signature="tearDownClass()[pri:0, instance:CucucmberTestProject.CucumberTestNG.runner.CucumberRunner@70ed52de]" started-at="2025-07-04T17:04:58 IST" name="tearDownClass" finished-at="2025-07-04T17:04:58 IST" duration-ms="91" status="PASS">
          <reporter-output>
          </reporter-output>
        </test-method> <!-- tearDownClass -->
      </class> <!-- CucucmberTestProject.CucumberTestNG.runner.CucumberRunner -->
    </test> <!-- Test -->
  </suite> <!-- Suite -->
</testng-results>
