<?xml version="1.0" encoding="UTF-8"?>
<!-- Generated by org.testng.reporters.JUnitReportReporter -->
<testsuite hostname="HYDHTC125451LT" failures="1" tests="3" name="CucucmberTestProject.CucumberTestNG.runner.CucumberRunner" time="133.667" errors="0" timestamp="2025-07-04T17:04:58 IST" skipped="2">
  <testcase classname="CucucmberTestProject.CucumberTestNG.runner.CucumberRunner" name="runScenario" time="38.098">
    <skipped/>
  </testcase> <!-- runScenario -->
  <testcase classname="CucucmberTestProject.CucumberTestNG.runner.CucumberRunner" name="runScenario" time="46.356">
    <failure message="expected [gmail] but found [Gmail]" type="java.lang.AssertionError">
      <![CDATA[java.lang.AssertionError: expected [gmail] but found [Gmail]
at org.testng.Assert.fail(Assert.java:111)
at org.testng.Assert.failNotEquals(Assert.java:1578)
at org.testng.Assert.assertEqualsImpl(Assert.java:150)
at org.testng.Assert.assertEquals(Assert.java:132)
at org.testng.Assert.assertEquals(Assert.java:656)
at org.testng.Assert.assertEquals(Assert.java:666)
at CucucmberTestProject.CucumberTestNG.steps.StepDefinitions.verify_the_title(StepDefinitions.java:31)
at âœ½.verify the title "gmail"(file:///Users/surendra.k/Documents/workspace/CucumberTestNG/src/test/resources/features/google.feature:8)
]]>
    </failure>
  </testcase> <!-- runScenario -->
  <testcase classname="CucucmberTestProject.CucumberTestNG.runner.CucumberRunner" name="runScenario" time="49.213">
    <skipped/>
  </testcase> <!-- runScenario -->
</testsuite> <!-- CucucmberTestProject.CucumberTestNG.runner.CucumberRunner -->
